#
# There is insufficient memory for the Java Runtime Environment to continue.
# Native memory allocation (malloc) failed to allocate 65552 bytes for Chunk::new
# Possible reasons:
#   The system is out of physical RAM or swap space
#   The process is running with CompressedOops enabled, and the Java Heap may be blocking the growth of the native heap
# Possible solutions:
#   Reduce memory load on the system
#   Increase physical memory or swap space
#   Check if swap backing store is full
#   Decrease Java heap size (-Xmx/-Xms)
#   Decrease number of Java threads
#   Decrease Java thread stack sizes (-Xss)
#   Set larger code cache with -XX:ReservedCodeCacheSize=
#   JVM is running with Unscaled Compressed Oops mode in which the Java heap is
#     placed in the first 4GB address space. The Java Heap base address is the
#     maximum limit for the native heap growth. Please use -XX:HeapBaseMinAddress
#     to set the Java Heap base and to place the Java Heap above 4GB virtual address.
# This output file may be truncated or incomplete.
#
#  Out of Memory Error (./src/hotspot/share/memory/arena.cpp:197), pid=2304, tid=11652
#
# JRE version: OpenJDK Runtime Environment Temurin-11.0.12+7 (11.0.12+7) (build 11.0.12+7)
# Java VM: OpenJDK 64-Bit Server VM Temurin-11.0.12+7 (11.0.12+7, mixed mode, tiered, compressed oops, parallel gc, windows-amd64)
# No core dump will be written. Minidumps are not enabled by default on client versions of Windows
#

---------------  S U M M A R Y ------------

Command Line: --add-modules=ALL-SYSTEM --add-opens=java.base/java.util=ALL-UNNAMED --add-opens=java.base/java.lang=ALL-UNNAMED -Declipse.application=org.eclipse.jdt.ls.core.id1 -Dosgi.bundles.defaultStartLevel=4 -Declipse.product=org.eclipse.jdt.ls.core.product -Dfile.encoding=utf8 -DwatchParentProcess=false -XX:+UseParallelGC -XX:GCTimeRatio=4 -XX:AdaptiveSizePolicyWeight=90 -Dsun.zip.disableMemoryMapping=true -Xmx1G -Xms100m -Xverify:none c:\Users\User\.vscode\extensions\redhat.java-1.0.0\server\plugins\org.eclipse.equinox.launcher_1.6.400.v20210924-0641.jar -configuration c:\Users\User\AppData\Roaming\Code\User\globalStorage\redhat.java\1.0.0\config_win -data c:\Users\User\AppData\Roaming\Code\User\workspaceStorage\5d36b164a0a6ef907ef3af442637b887\redhat.java\jdt_ws

Host: Intel(R) Core(TM) i5-7200U CPU @ 2.50GHz, 4 cores, 7G,  Windows 10 , 64 bit Build 19041 (10.0.19041.1)
Time: Fri Nov  5 22:25:30 2021 Hora est. Pacífico, Sudamérica elapsed time: 444.305375 seconds (0d 0h 7m 24s)

---------------  T H R E A D  ---------------

Current thread (0x000001b7a9783800):  JavaThread "C2 CompilerThread0" daemon [_thread_in_native, id=11652, stack(0x000000122ab00000,0x000000122ac00000)]


Current CompileTask:
C2: 444305 9347       4       org.eclipse.jdt.internal.compiler.lookup.LookupEnvironment::getTypeFromConstantPoolName (104 bytes)

Stack: [0x000000122ab00000,0x000000122ac00000]
Native frames: (J=compiled Java code, j=interpreted, Vv=VM code, C=native code)
V  [jvm.dll+0x601d0a]
V  [jvm.dll+0x78ab6e]
V  [jvm.dll+0x78c23f]
V  [jvm.dll+0x78c903]
V  [jvm.dll+0x24be68]
V  [jvm.dll+0xc219c]
V  [jvm.dll+0xc275c]
V  [jvm.dll+0xc22ab]
V  [jvm.dll+0x5dfbdf]
V  [jvm.dll+0x5019bd]
V  [jvm.dll+0x501903]
V  [jvm.dll+0x504506]
V  [jvm.dll+0x503db5]
V  [jvm.dll+0x50359f]
V  [jvm.dll+0x513340]
V  [jvm.dll+0x207097]
V  [jvm.dll+0x2045da]
V  [jvm.dll+0x1898fc]
V  [jvm.dll+0x213d67]
V  [jvm.dll+0x211f2b]
V  [jvm.dll+0x74ec19]
V  [jvm.dll+0x747c84]
V  [jvm.dll+0x600ba6]
C  [ucrtbase.dll+0x21542]
C  [KERNEL32.DLL+0x16fd4]
C  [ntdll.dll+0x4cf31]


---------------  P R O C E S S  ---------------

Threads class SMR info:
_java_thread_list=0x000001b7ae3fa960, length=26, elements={
0x000001b78d75b000, 0x000001b7a9760800, 0x000001b7a9761800, 0x000001b7aa952800,
0x000001b7a977f000, 0x000001b7a9781000, 0x000001b7a9783800, 0x000001b7a9784800,
0x000001b7a97ca800, 0x000001b7aaa66000, 0x000001b7aae8f800, 0x000001b7aadce800,
0x000001b7ab078000, 0x000001b7aac5e800, 0x000001b7aaf26800, 0x000001b7ab4e1800,
0x000001b7ab8d6800, 0x000001b7ab8d7000, 0x000001b7ab8d5000, 0x000001b7ab8d4000,
0x000001b7ab8d9000, 0x000001b7ab8d8000, 0x000001b7ab8d3000, 0x000001b7ab8d9800,
0x000001b7aafb2000, 0x000001b7b87f6000
}

Java Threads: ( => current thread )
  0x000001b78d75b000 JavaThread "main" [_thread_blocked, id=11792, stack(0x000000122a300000,0x000000122a400000)]
  0x000001b7a9760800 JavaThread "Reference Handler" daemon [_thread_blocked, id=7188, stack(0x000000122a600000,0x000000122a700000)]
  0x000001b7a9761800 JavaThread "Finalizer" daemon [_thread_blocked, id=248, stack(0x000000122a700000,0x000000122a800000)]
  0x000001b7aa952800 JavaThread "Signal Dispatcher" daemon [_thread_blocked, id=10804, stack(0x000000122a800000,0x000000122a900000)]
  0x000001b7a977f000 JavaThread "Attach Listener" daemon [_thread_blocked, id=4884, stack(0x000000122a900000,0x000000122aa00000)]
  0x000001b7a9781000 JavaThread "Service Thread" daemon [_thread_blocked, id=1676, stack(0x000000122aa00000,0x000000122ab00000)]
=>0x000001b7a9783800 JavaThread "C2 CompilerThread0" daemon [_thread_in_native, id=11652, stack(0x000000122ab00000,0x000000122ac00000)]
  0x000001b7a9784800 JavaThread "C1 CompilerThread0" daemon [_thread_blocked, id=12184, stack(0x000000122ac00000,0x000000122ad00000)]
  0x000001b7a97ca800 JavaThread "Sweeper thread" daemon [_thread_blocked, id=7968, stack(0x000000122ad00000,0x000000122ae00000)]
  0x000001b7aaa66000 JavaThread "Common-Cleaner" daemon [_thread_blocked, id=10036, stack(0x000000122ae00000,0x000000122af00000)]
  0x000001b7aae8f800 JavaThread "Active Thread: Equinox Container: 0c3c0e37-ac4a-42d6-a054-30a626b8c410" [_thread_blocked, id=8572, stack(0x000000122b000000,0x000000122b100000)]
  0x000001b7aadce800 JavaThread "Framework Event Dispatcher: Equinox Container: 0c3c0e37-ac4a-42d6-a054-30a626b8c410" daemon [_thread_blocked, id=6248, stack(0x000000122b100000,0x000000122b200000)]
  0x000001b7ab078000 JavaThread "Start Level: Equinox Container: 0c3c0e37-ac4a-42d6-a054-30a626b8c410" daemon [_thread_blocked, id=7888, stack(0x000000122b200000,0x000000122b300000)]
  0x000001b7aac5e800 JavaThread "SCR Component Actor" daemon [_thread_blocked, id=9200, stack(0x000000122b600000,0x000000122b700000)]
  0x000001b7aaf26800 JavaThread "Worker-JM" [_thread_blocked, id=7212, stack(0x000000122b700000,0x000000122b800000)]
  0x000001b7ab4e1800 JavaThread "Worker-1" [_thread_blocked, id=12176, stack(0x000000122ba00000,0x000000122bb00000)]
  0x000001b7ab8d6800 JavaThread "Java indexing" daemon [_thread_blocked, id=4088, stack(0x000000122bc00000,0x000000122bd00000)]
  0x000001b7ab8d7000 JavaThread "pool-2-thread-1" [_thread_in_native, id=3064, stack(0x000000122be00000,0x000000122bf00000)]
  0x000001b7ab8d5000 JavaThread "Bundle File Closer" daemon [_thread_blocked, id=7020, stack(0x000000122b800000,0x000000122b900000)]
  0x000001b7ab8d4000 JavaThread "ForkJoinPool.commonPool-worker-7" daemon [_thread_in_vm, id=3480, stack(0x000000122c200000,0x000000122c300000)]
  0x000001b7ab8d9000 JavaThread "Worker-5" [_thread_blocked, id=11332, stack(0x000000122a000000,0x000000122a100000)]
  0x000001b7ab8d8000 JavaThread "Worker-7" [_thread_blocked, id=11080, stack(0x000000122a100000,0x000000122a200000)]
  0x000001b7ab8d3000 JavaThread "Worker-8" [_thread_blocked, id=7876, stack(0x000000122a200000,0x000000122a300000)]
  0x000001b7ab8d9800 JavaThread "ForkJoinPool.commonPool-worker-1" daemon [_thread_blocked, id=2608, stack(0x000000122b900000,0x000000122ba00000)]
  0x000001b7aafb2000 JavaThread "ForkJoinPool.commonPool-worker-3" daemon [_thread_blocked, id=11524, stack(0x000000122bb00000,0x000000122bc00000)]
  0x000001b7b87f6000 JavaThread "C2 CompilerThread1" daemon [_thread_in_native, id=12244, stack(0x000000122bd00000,0x000000122be00000)]

Other Threads:
  0x000001b7a9697800 VMThread "VM Thread" [stack: 0x000000122a500000,0x000000122a600000] [id=5536]
  0x000001b7aabc9000 WatcherThread [stack: 0x000000122af00000,0x000000122b000000] [id=9576]
  0x000001b78d776000 GCTaskThread "ParGC Thread#0" [stack: 0x000000122a400000,0x000000122a500000] [id=3824]
  0x000001b7ab076800 GCTaskThread "ParGC Thread#1" [stack: 0x000000122b300000,0x000000122b400000] [id=8960]
  0x000001b7aaafc000 GCTaskThread "ParGC Thread#2" [stack: 0x000000122b400000,0x000000122b500000] [id=108]
  0x000001b7aaafd000 GCTaskThread "ParGC Thread#3" [stack: 0x000000122b500000,0x000000122b600000] [id=1432]

Threads with active compile tasks:
C2 CompilerThread0 444900 9347       4       org.eclipse.jdt.internal.compiler.lookup.LookupEnvironment::getTypeFromConstantPoolName (104 bytes)
C2 CompilerThread1 444900 9352       4       org.eclipse.jdt.internal.compiler.lookup.LookupEnvironment::getTypeFromCompoundName (152 bytes)

VM state:not at safepoint (normal execution)

VM Mutex/Monitor currently owned by a thread: None

Heap address: 0x00000000c0000000, size: 1024 MB, Compressed Oops mode: 32-bit
Narrow klass base: 0x0000000000000000, Narrow klass shift: 3
Compressed class space size: 1073741824 Address: 0x0000000100000000

Heap:
 PSYoungGen      total 22016K, used 15431K [0x00000000eab00000, 0x00000000ecd00000, 0x0000000100000000)
  eden space 10240K, 39% used [0x00000000eab00000,0x00000000eaef7040,0x00000000eb500000)
  from space 11776K, 96% used [0x00000000eb500000,0x00000000ec01ae48,0x00000000ec080000)
  to   space 11776K, 0% used [0x00000000ec180000,0x00000000ec180000,0x00000000ecd00000)
 ParOldGen       total 473088K, used 414364K [0x00000000c0000000, 0x00000000dce00000, 0x00000000eab00000)
  object space 473088K, 87% used [0x00000000c0000000,0x00000000d94a71f8,0x00000000dce00000)
 Metaspace       used 59505K, capacity 62437K, committed 62592K, reserved 1105920K
  class space    used 5810K, capacity 6924K, committed 7040K, reserved 1048576K

Card table byte_map: [0x000001b7a6840000,0x000001b7a6a50000] _byte_map_base: 0x000001b7a6240000

Marking Bits: (ParMarkBitMap*) 0x00007ffd9ff4bcf0
 Begin Bits: [0x000001b7a6bb0000, 0x000001b7a7bb0000)
 End Bits:   [0x000001b7a7bb0000, 0x000001b7a8bb0000)

Polling page: 0x000001b797630000

Metaspace:

Usage:
  Non-class:     54.21 MB capacity,    52.44 MB ( 97%) used,     1.65 MB (  3%) free+waste,   132.06 KB ( <1%) overhead. 
      Class:      6.76 MB capacity,     5.67 MB ( 84%) used,     1.03 MB ( 15%) free+waste,    61.44 KB ( <1%) overhead. 
       Both:     60.97 MB capacity,    58.11 MB ( 95%) used,     2.67 MB (  4%) free+waste,   193.50 KB ( <1%) overhead. 

Virtual space:
  Non-class space:       56.00 MB reserved,      54.25 MB ( 97%) committed 
      Class space:        1.00 GB reserved,       6.88 MB ( <1%) committed 
             Both:        1.05 GB reserved,      61.13 MB (  6%) committed 

Chunk freelists:
   Non-Class:  39.00 KB
       Class:  20.00 KB
        Both:  59.00 KB

MaxMetaspaceSize: 17179869184.00 GB
CompressedClassSpaceSize: 1.00 GB
Initial GC threshold: 20.80 MB
Current GC threshold: 98.13 MB
CDS: off

CodeHeap 'non-profiled nmethods': size=120064Kb used=6926Kb max_used=6926Kb free=113138Kb
 bounds [0x000001b79f110000, 0x000001b79f7e0000, 0x000001b7a6650000]
CodeHeap 'profiled nmethods': size=120000Kb used=24855Kb max_used=24855Kb free=95144Kb
 bounds [0x000001b797be0000, 0x000001b799430000, 0x000001b79f110000]
CodeHeap 'non-nmethods': size=5696Kb used=1324Kb max_used=1397Kb free=4371Kb
 bounds [0x000001b797650000, 0x000001b7978c0000, 0x000001b797be0000]
 total_blobs=10047 nmethods=9422 adapters=538
 compilation: enabled
              stopped_count=0, restarted_count=0
 full_count=0

Compilation events (20 events):
Event: 444.265 Thread 0x000001b7a9784800 9424       3       org.eclipse.jdt.internal.compiler.lookup.TypeBinding::initializeForStaticImports (1 bytes)
Event: 444.265 Thread 0x000001b7a9784800 nmethod 9424 0x000001b799380b10 code [0x000001b799380cc0, 0x000001b799380db8]
Event: 444.267 Thread 0x000001b7a9784800 9425       1       org.eclipse.jdt.internal.compiler.lookup.ElementValuePair::getName (5 bytes)
Event: 444.267 Thread 0x000001b7a9784800 nmethod 9425 0x000001b79f7c4990 code [0x000001b79f7c4b40, 0x000001b79f7c4bf8]
Event: 444.267 Thread 0x000001b7a9784800 9426       3       org.eclipse.jdt.internal.compiler.lookup.BinaryTypeBinding::maybeSortedMemberTypes (55 bytes)
Event: 444.268 Thread 0x000001b7a9784800 nmethod 9426 0x000001b799380e90 code [0x000001b799381060, 0x000001b799381308]
Event: 444.269 Thread 0x000001b7a9784800 9427       3       org.eclipse.jdt.internal.compiler.lookup.FieldBinding::isViewedAsDeprecated (15 bytes)
Event: 444.269 Thread 0x000001b7a9784800 nmethod 9427 0x000001b799381410 code [0x000001b7993815c0, 0x000001b799381718]
Event: 444.270 Thread 0x000001b7a9784800 9428   !   3       org.eclipse.jdt.internal.compiler.lookup.SourceTypeBinding::initializeDeprecatedAnnotationTagBits (124 bytes)
Event: 444.271 Thread 0x000001b7a9784800 nmethod 9428 0x000001b799381790 code [0x000001b799381980, 0x000001b799381e58]
Event: 444.271 Thread 0x000001b7a9784800 9429       3       org.eclipse.jdt.internal.compiler.lookup.BinaryTypeBinding::canBeSeenBy (28 bytes)
Event: 444.271 Thread 0x000001b7a9784800 nmethod 9429 0x000001b799382010 code [0x000001b799382200, 0x000001b799382548]
Event: 444.271 Thread 0x000001b7a9784800 9430       1       org.eclipse.jdt.internal.compiler.ast.QualifiedNameReference::setFieldIndex (6 bytes)
Event: 444.271 Thread 0x000001b7a9784800 nmethod 9430 0x000001b79f7c4c90 code [0x000001b79f7c4e40, 0x000001b79f7c4ef8]
Event: 444.272 Thread 0x000001b7a9784800 9431       3       org.eclipse.jdt.internal.compiler.lookup.Scope::findField (879 bytes)
Event: 444.280 Thread 0x000001b7a9784800 nmethod 9431 0x000001b799382690 code [0x000001b799382e00, 0x000001b799388448]
Event: 444.280 Thread 0x000001b7a9784800 9432       1       org.eclipse.jdt.internal.compiler.lookup.TypeBinding::dimensions (2 bytes)
Event: 444.280 Thread 0x000001b7a9784800 nmethod 9432 0x000001b79f7c4f90 code [0x000001b79f7c5140, 0x000001b79f7c51f8]
Event: 444.280 Thread 0x000001b7a9784800 9433       1       org.eclipse.jdt.internal.compiler.lookup.ArrayBinding::kind (3 bytes)
Event: 444.280 Thread 0x000001b7a9784800 nmethod 9433 0x000001b79f7c5290 code [0x000001b79f7c5440, 0x000001b79f7c54f8]

GC Heap History (20 events):
Event: 439.123 GC heap before
{Heap before GC invocations=127 (full 9):
 PSYoungGen      total 13312K, used 13093K [0x00000000eab00000, 0x00000000ec080000, 0x0000000100000000)
  eden space 9728K, 100% used [0x00000000eab00000,0x00000000eb480000,0x00000000eb480000)
  from space 3584K, 93% used [0x00000000eb480000,0x00000000eb7c96f0,0x00000000eb800000)
  to   space 5632K, 0% used [0x00000000ebb00000,0x00000000ebb00000,0x00000000ec080000)
 ParOldGen       total 473088K, used 396625K [0x00000000c0000000, 0x00000000dce00000, 0x00000000eab00000)
  object space 473088K, 83% used [0x00000000c0000000,0x00000000d8354738,0x00000000dce00000)
 Metaspace       used 57405K, capacity 60437K, committed 60544K, reserved 1103872K
  class space    used 5616K, capacity 6750K, committed 6784K, reserved 1048576K
}
Event: 439.135 GC heap after
{Heap after GC invocations=127 (full 9):
 PSYoungGen      total 15360K, used 4159K [0x00000000eab00000, 0x00000000ebf80000, 0x0000000100000000)
  eden space 10752K, 0% used [0x00000000eab00000,0x00000000eab00000,0x00000000eb580000)
  from space 4608K, 90% used [0x00000000ebb00000,0x00000000ebf0fc40,0x00000000ebf80000)
  to   space 4608K, 0% used [0x00000000eb680000,0x00000000eb680000,0x00000000ebb00000)
 ParOldGen       total 473088K, used 396625K [0x00000000c0000000, 0x00000000dce00000, 0x00000000eab00000)
  object space 473088K, 83% used [0x00000000c0000000,0x00000000d8354738,0x00000000dce00000)
 Metaspace       used 57405K, capacity 60437K, committed 60544K, reserved 1103872K
  class space    used 5616K, capacity 6750K, committed 6784K, reserved 1048576K
}
Event: 439.184 GC heap before
{Heap before GC invocations=128 (full 9):
 PSYoungGen      total 15360K, used 14911K [0x00000000eab00000, 0x00000000ebf80000, 0x0000000100000000)
  eden space 10752K, 100% used [0x00000000eab00000,0x00000000eb580000,0x00000000eb580000)
  from space 4608K, 90% used [0x00000000ebb00000,0x00000000ebf0fc40,0x00000000ebf80000)
  to   space 4608K, 0% used [0x00000000eb680000,0x00000000eb680000,0x00000000ebb00000)
 ParOldGen       total 473088K, used 396625K [0x00000000c0000000, 0x00000000dce00000, 0x00000000eab00000)
  object space 473088K, 83% used [0x00000000c0000000,0x00000000d8354738,0x00000000dce00000)
 Metaspace       used 57405K, capacity 60437K, committed 60544K, reserved 1103872K
  class space    used 5616K, capacity 6750K, committed 6784K, reserved 1048576K
}
Event: 439.204 GC heap after
{Heap after GC invocations=128 (full 9):
 PSYoungGen      total 16384K, used 3816K [0x00000000eab00000, 0x00000000ebf00000, 0x0000000100000000)
  eden space 11776K, 0% used [0x00000000eab00000,0x00000000eab00000,0x00000000eb680000)
  from space 4608K, 82% used [0x00000000eb680000,0x00000000eba3a2c0,0x00000000ebb00000)
  to   space 4096K, 0% used [0x00000000ebb00000,0x00000000ebb00000,0x00000000ebf00000)
 ParOldGen       total 473088K, used 396625K [0x00000000c0000000, 0x00000000dce00000, 0x00000000eab00000)
  object space 473088K, 83% used [0x00000000c0000000,0x00000000d8354738,0x00000000dce00000)
 Metaspace       used 57405K, capacity 60437K, committed 60544K, reserved 1103872K
  class space    used 5616K, capacity 6750K, committed 6784K, reserved 1048576K
}
Event: 439.356 GC heap before
{Heap before GC invocations=129 (full 9):
 PSYoungGen      total 16384K, used 15592K [0x00000000eab00000, 0x00000000ebf00000, 0x0000000100000000)
  eden space 11776K, 100% used [0x00000000eab00000,0x00000000eb680000,0x00000000eb680000)
  from space 4608K, 82% used [0x00000000eb680000,0x00000000eba3a2c0,0x00000000ebb00000)
  to   space 4096K, 0% used [0x00000000ebb00000,0x00000000ebb00000,0x00000000ebf00000)
 ParOldGen       total 473088K, used 396625K [0x00000000c0000000, 0x00000000dce00000, 0x00000000eab00000)
  object space 473088K, 83% used [0x00000000c0000000,0x00000000d8354738,0x00000000dce00000)
 Metaspace       used 57660K, capacity 60644K, committed 60800K, reserved 1103872K
  class space    used 5633K, capacity 6755K, committed 6784K, reserved 1048576K
}
Event: 439.364 GC heap after
{Heap after GC invocations=129 (full 9):
 PSYoungGen      total 13312K, used 4083K [0x00000000eab00000, 0x00000000ec600000, 0x0000000100000000)
  eden space 9216K, 0% used [0x00000000eab00000,0x00000000eab00000,0x00000000eb400000)
  from space 4096K, 99% used [0x00000000ebb00000,0x00000000ebefcf00,0x00000000ebf00000)
  to   space 7168K, 0% used [0x00000000eb400000,0x00000000eb400000,0x00000000ebb00000)
 ParOldGen       total 473088K, used 398960K [0x00000000c0000000, 0x00000000dce00000, 0x00000000eab00000)
  object space 473088K, 84% used [0x00000000c0000000,0x00000000d859c280,0x00000000dce00000)
 Metaspace       used 57660K, capacity 60644K, committed 60800K, reserved 1103872K
  class space    used 5633K, capacity 6755K, committed 6784K, reserved 1048576K
}
Event: 439.383 GC heap before
{Heap before GC invocations=130 (full 9):
 PSYoungGen      total 13312K, used 13299K [0x00000000eab00000, 0x00000000ec600000, 0x0000000100000000)
  eden space 9216K, 100% used [0x00000000eab00000,0x00000000eb400000,0x00000000eb400000)
  from space 4096K, 99% used [0x00000000ebb00000,0x00000000ebefcf00,0x00000000ebf00000)
  to   space 7168K, 0% used [0x00000000eb400000,0x00000000eb400000,0x00000000ebb00000)
 ParOldGen       total 473088K, used 398960K [0x00000000c0000000, 0x00000000dce00000, 0x00000000eab00000)
  object space 473088K, 84% used [0x00000000c0000000,0x00000000d859c280,0x00000000dce00000)
 Metaspace       used 57660K, capacity 60644K, committed 60800K, reserved 1103872K
  class space    used 5633K, capacity 6755K, committed 6784K, reserved 1048576K
}
Event: 439.390 GC heap after
{Heap after GC invocations=130 (full 9):
 PSYoungGen      total 12288K, used 2802K [0x00000000eab00000, 0x00000000ebe00000, 0x0000000100000000)
  eden space 9216K, 0% used [0x00000000eab00000,0x00000000eab00000,0x00000000eb400000)
  from space 3072K, 91% used [0x00000000eb400000,0x00000000eb6bcba8,0x00000000eb700000)
  to   space 4608K, 0% used [0x00000000eb980000,0x00000000eb980000,0x00000000ebe00000)
 ParOldGen       total 473088K, used 401022K [0x00000000c0000000, 0x00000000dce00000, 0x00000000eab00000)
  object space 473088K, 84% used [0x00000000c0000000,0x00000000d879f928,0x00000000dce00000)
 Metaspace       used 57660K, capacity 60644K, committed 60800K, reserved 1103872K
  class space    used 5633K, capacity 6755K, committed 6784K, reserved 1048576K
}
Event: 439.452 GC heap before
{Heap before GC invocations=131 (full 9):
 PSYoungGen      total 12288K, used 12018K [0x00000000eab00000, 0x00000000ebe00000, 0x0000000100000000)
  eden space 9216K, 100% used [0x00000000eab00000,0x00000000eb400000,0x00000000eb400000)
  from space 3072K, 91% used [0x00000000eb400000,0x00000000eb6bcba8,0x00000000eb700000)
  to   space 4608K, 0% used [0x00000000eb980000,0x00000000eb980000,0x00000000ebe00000)
 ParOldGen       total 473088K, used 401022K [0x00000000c0000000, 0x00000000dce00000, 0x00000000eab00000)
  object space 473088K, 84% used [0x00000000c0000000,0x00000000d879f928,0x00000000dce00000)
 Metaspace       used 57679K, capacity 60708K, committed 60800K, reserved 1103872K
  class space    used 5634K, capacity 6755K, committed 6784K, reserved 1048576K
}
Event: 439.465 GC heap after
{Heap after GC invocations=131 (full 9):
 PSYoungGen      total 14336K, used 3821K [0x00000000eab00000, 0x00000000ebd80000, 0x0000000100000000)
  eden space 10240K, 0% used [0x00000000eab00000,0x00000000eab00000,0x00000000eb500000)
  from space 4096K, 93% used [0x00000000eb980000,0x00000000ebd3b4a8,0x00000000ebd80000)
  to   space 4096K, 0% used [0x00000000eb580000,0x00000000eb580000,0x00000000eb980000)
 ParOldGen       total 473088K, used 401046K [0x00000000c0000000, 0x00000000dce00000, 0x00000000eab00000)
  object space 473088K, 84% used [0x00000000c0000000,0x00000000d87a5928,0x00000000dce00000)
 Metaspace       used 57679K, capacity 60708K, committed 60800K, reserved 1103872K
  class space    used 5634K, capacity 6755K, committed 6784K, reserved 1048576K
}
Event: 439.523 GC heap before
{Heap before GC invocations=132 (full 9):
 PSYoungGen      total 14336K, used 14061K [0x00000000eab00000, 0x00000000ebd80000, 0x0000000100000000)
  eden space 10240K, 100% used [0x00000000eab00000,0x00000000eb500000,0x00000000eb500000)
  from space 4096K, 93% used [0x00000000eb980000,0x00000000ebd3b4a8,0x00000000ebd80000)
  to   space 4096K, 0% used [0x00000000eb580000,0x00000000eb580000,0x00000000eb980000)
 ParOldGen       total 473088K, used 401046K [0x00000000c0000000, 0x00000000dce00000, 0x00000000eab00000)
  object space 473088K, 84% used [0x00000000c0000000,0x00000000d87a5928,0x00000000dce00000)
 Metaspace       used 57692K, capacity 60708K, committed 60800K, reserved 1103872K
  class space    used 5634K, capacity 6755K, committed 6784K, reserved 1048576K
}
Event: 439.547 GC heap after
{Heap after GC invocations=132 (full 9):
 PSYoungGen      total 14848K, used 4088K [0x00000000eab00000, 0x00000000ec180000, 0x0000000100000000)
  eden space 10752K, 0% used [0x00000000eab00000,0x00000000eab00000,0x00000000eb580000)
  from space 4096K, 99% used [0x00000000eb580000,0x00000000eb97e2a8,0x00000000eb980000)
  to   space 5632K, 0% used [0x00000000ebc00000,0x00000000ebc00000,0x00000000ec180000)
 ParOldGen       total 473088K, used 402218K [0x00000000c0000000, 0x00000000dce00000, 0x00000000eab00000)
  object space 473088K, 85% used [0x00000000c0000000,0x00000000d88cab38,0x00000000dce00000)
 Metaspace       used 57692K, capacity 60708K, committed 60800K, reserved 1103872K
  class space    used 5634K, capacity 6755K, committed 6784K, reserved 1048576K
}
Event: 439.662 GC heap before
{Heap before GC invocations=133 (full 9):
 PSYoungGen      total 14848K, used 14840K [0x00000000eab00000, 0x00000000ec180000, 0x0000000100000000)
  eden space 10752K, 100% used [0x00000000eab00000,0x00000000eb580000,0x00000000eb580000)
  from space 4096K, 99% used [0x00000000eb580000,0x00000000eb97e2a8,0x00000000eb980000)
  to   space 5632K, 0% used [0x00000000ebc00000,0x00000000ebc00000,0x00000000ec180000)
 ParOldGen       total 473088K, used 402218K [0x00000000c0000000, 0x00000000dce00000, 0x00000000eab00000)
  object space 473088K, 85% used [0x00000000c0000000,0x00000000d88cab38,0x00000000dce00000)
 Metaspace       used 57697K, capacity 60708K, committed 60800K, reserved 1103872K
  class space    used 5634K, capacity 6755K, committed 6784K, reserved 1048576K
}
Event: 439.673 GC heap after
{Heap after GC invocations=133 (full 9):
 PSYoungGen      total 15872K, used 3232K [0x00000000eab00000, 0x00000000ebf80000, 0x0000000100000000)
  eden space 12288K, 0% used [0x00000000eab00000,0x00000000eab00000,0x00000000eb700000)
  from space 3584K, 90% used [0x00000000ebc00000,0x00000000ebf28000,0x00000000ebf80000)
  to   space 4096K, 0% used [0x00000000eb780000,0x00000000eb780000,0x00000000ebb80000)
 ParOldGen       total 473088K, used 404555K [0x00000000c0000000, 0x00000000dce00000, 0x00000000eab00000)
  object space 473088K, 85% used [0x00000000c0000000,0x00000000d8b12de0,0x00000000dce00000)
 Metaspace       used 57697K, capacity 60708K, committed 60800K, reserved 1103872K
  class space    used 5634K, capacity 6755K, committed 6784K, reserved 1048576K
}
Event: 440.154 GC heap before
{Heap before GC invocations=134 (full 9):
 PSYoungGen      total 15872K, used 15520K [0x00000000eab00000, 0x00000000ebf80000, 0x0000000100000000)
  eden space 12288K, 100% used [0x00000000eab00000,0x00000000eb700000,0x00000000eb700000)
  from space 3584K, 90% used [0x00000000ebc00000,0x00000000ebf28000,0x00000000ebf80000)
  to   space 4096K, 0% used [0x00000000eb780000,0x00000000eb780000,0x00000000ebb80000)
 ParOldGen       total 473088K, used 404555K [0x00000000c0000000, 0x00000000dce00000, 0x00000000eab00000)
  object space 473088K, 85% used [0x00000000c0000000,0x00000000d8b12de0,0x00000000dce00000)
 Metaspace       used 58627K, capacity 61617K, committed 61696K, reserved 1103872K
  class space    used 5772K, capacity 6887K, committed 6912K, reserved 1048576K
}
Event: 440.187 GC heap after
{Heap after GC invocations=134 (full 9):
 PSYoungGen      total 16896K, used 4080K [0x00000000eab00000, 0x00000000ecb80000, 0x0000000100000000)
  eden space 12800K, 0% used [0x00000000eab00000,0x00000000eab00000,0x00000000eb780000)
  from space 4096K, 99% used [0x00000000eb780000,0x00000000ebb7c1a8,0x00000000ebb80000)
  to   space 9728K, 0% used [0x00000000ec200000,0x00000000ec200000,0x00000000ecb80000)
 ParOldGen       total 473088K, used 408905K [0x00000000c0000000, 0x00000000dce00000, 0x00000000eab00000)
  object space 473088K, 86% used [0x00000000c0000000,0x00000000d8f52568,0x00000000dce00000)
 Metaspace       used 58627K, capacity 61617K, committed 61696K, reserved 1103872K
  class space    used 5772K, capacity 6887K, committed 6912K, reserved 1048576K
}
Event: 443.107 GC heap before
{Heap before GC invocations=135 (full 9):
 PSYoungGen      total 16896K, used 16880K [0x00000000eab00000, 0x00000000ecb80000, 0x0000000100000000)
  eden space 12800K, 100% used [0x00000000eab00000,0x00000000eb780000,0x00000000eb780000)
  from space 4096K, 99% used [0x00000000eb780000,0x00000000ebb7c1a8,0x00000000ebb80000)
  to   space 9728K, 0% used [0x00000000ec200000,0x00000000ec200000,0x00000000ecb80000)
 ParOldGen       total 473088K, used 408905K [0x00000000c0000000, 0x00000000dce00000, 0x00000000eab00000)
  object space 473088K, 86% used [0x00000000c0000000,0x00000000d8f52568,0x00000000dce00000)
 Metaspace       used 58882K, capacity 61810K, committed 61952K, reserved 1103872K
  class space    used 5783K, capacity 6887K, committed 6912K, reserved 1048576K
}
Event: 443.129 GC heap after
{Heap after GC invocations=135 (full 9):
 PSYoungGen      total 19968K, used 9714K [0x00000000eab00000, 0x00000000ed280000, 0x0000000100000000)
  eden space 10240K, 0% used [0x00000000eab00000,0x00000000eab00000,0x00000000eb500000)
  from space 9728K, 99% used [0x00000000ec200000,0x00000000ecb7cb40,0x00000000ecb80000)
  to   space 13312K, 0% used [0x00000000eb500000,0x00000000eb500000,0x00000000ec200000)
 ParOldGen       total 473088K, used 411418K [0x00000000c0000000, 0x00000000dce00000, 0x00000000eab00000)
  object space 473088K, 86% used [0x00000000c0000000,0x00000000d91c6a00,0x00000000dce00000)
 Metaspace       used 58882K, capacity 61810K, committed 61952K, reserved 1103872K
  class space    used 5783K, capacity 6887K, committed 6912K, reserved 1048576K
}
Event: 444.201 GC heap before
{Heap before GC invocations=136 (full 9):
 PSYoungGen      total 19968K, used 19954K [0x00000000eab00000, 0x00000000ed280000, 0x0000000100000000)
  eden space 10240K, 100% used [0x00000000eab00000,0x00000000eb500000,0x00000000eb500000)
  from space 9728K, 99% used [0x00000000ec200000,0x00000000ecb7cb40,0x00000000ecb80000)
  to   space 13312K, 0% used [0x00000000eb500000,0x00000000eb500000,0x00000000ec200000)
 ParOldGen       total 473088K, used 411418K [0x00000000c0000000, 0x00000000dce00000, 0x00000000eab00000)
  object space 473088K, 86% used [0x00000000c0000000,0x00000000d91c6a00,0x00000000dce00000)
 Metaspace       used 59035K, capacity 62007K, committed 62208K, reserved 1103872K
  class space    used 5785K, capacity 6887K, committed 6912K, reserved 1048576K
}
Event: 444.234 GC heap after
{Heap after GC invocations=136 (full 9):
 PSYoungGen      total 22016K, used 11371K [0x00000000eab00000, 0x00000000ecd00000, 0x0000000100000000)
  eden space 10240K, 0% used [0x00000000eab00000,0x00000000eab00000,0x00000000eb500000)
  from space 11776K, 96% used [0x00000000eb500000,0x00000000ec01ae48,0x00000000ec080000)
  to   space 11776K, 0% used [0x00000000ec180000,0x00000000ec180000,0x00000000ecd00000)
 ParOldGen       total 473088K, used 414364K [0x00000000c0000000, 0x00000000dce00000, 0x00000000eab00000)
  object space 473088K, 87% used [0x00000000c0000000,0x00000000d94a71f8,0x00000000dce00000)
 Metaspace       used 59035K, capacity 62007K, committed 62208K, reserved 1103872K
  class space    used 5785K, capacity 6887K, committed 6912K, reserved 1048576K
}

Deoptimization events (20 events):
Event: 443.492 Thread 0x000001b7ab8d4000 DEOPT PACKING pc=0x000001b79f788290 sp=0x000000122c2fdf10
Event: 443.492 Thread 0x000001b7ab8d4000 DEOPT UNPACKING pc=0x000001b79769a1af sp=0x000000122c2fded0 mode 2
Event: 443.504 Thread 0x000001b7ab8d4000 DEOPT PACKING pc=0x000001b7992d3bdd sp=0x000000122c2fdf20
Event: 443.504 Thread 0x000001b7ab8d4000 DEOPT UNPACKING pc=0x000001b79769a95e sp=0x000000122c2fd418 mode 0
Event: 443.515 Thread 0x000001b7ab8d4000 Uncommon trap: trap_request=0xffffff4d fr.pc=0x000001b79f7995f4 relative=0x0000000000000134
Event: 443.515 Thread 0x000001b7ab8d4000 Uncommon trap: reason=unstable_if action=reinterpret pc=0x000001b79f7995f4 method=org.eclipse.jdt.internal.compiler.parser.ScannerHelper.isDigit(C)Z @ 14 c2
Event: 443.515 Thread 0x000001b7ab8d4000 DEOPT PACKING pc=0x000001b79f7995f4 sp=0x000000122c2fdd10
Event: 443.515 Thread 0x000001b7ab8d4000 DEOPT UNPACKING pc=0x000001b79769a1af sp=0x000000122c2fdc50 mode 2
Event: 443.518 Thread 0x000001b7ab8d4000 Uncommon trap: trap_request=0xffffff4d fr.pc=0x000001b79f791978 relative=0x00000000000019f8
Event: 443.518 Thread 0x000001b7ab8d4000 Uncommon trap: reason=unstable_if action=reinterpret pc=0x000001b79f791978 method=org.eclipse.jdt.internal.compiler.parser.Scanner.getNextToken0()I @ 791 c2
Event: 443.518 Thread 0x000001b7ab8d4000 DEOPT PACKING pc=0x000001b79f791978 sp=0x000000122c2fdf10
Event: 443.518 Thread 0x000001b7ab8d4000 DEOPT UNPACKING pc=0x000001b79769a1af sp=0x000000122c2fdeb8 mode 2
Event: 443.522 Thread 0x000001b7ab8d4000 Uncommon trap: trap_request=0xffffff4d fr.pc=0x000001b79f484400 relative=0x0000000000000060
Event: 443.522 Thread 0x000001b7ab8d4000 Uncommon trap: reason=unstable_if action=reinterpret pc=0x000001b79f484400 method=org.eclipse.jdt.internal.compiler.ast.ImportReference.isStatic()Z @ 7 c2
Event: 443.522 Thread 0x000001b7ab8d4000 DEOPT PACKING pc=0x000001b79f484400 sp=0x000000122c2fe2e0
Event: 443.522 Thread 0x000001b7ab8d4000 DEOPT UNPACKING pc=0x000001b79769a1af sp=0x000000122c2fe210 mode 2
Event: 443.531 Thread 0x000001b7ab8d4000 Uncommon trap: trap_request=0xffffff4d fr.pc=0x000001b79f47292c relative=0x0000000000001b6c
Event: 443.531 Thread 0x000001b7ab8d4000 Uncommon trap: reason=unstable_if action=reinterpret pc=0x000001b79f47292c method=org.eclipse.jdt.internal.compiler.lookup.PlainPackageBinding.getIncarnation(Lorg/eclipse/jdt/internal/compiler/lookup/ModuleBinding;)Lorg/eclipse/jdt/internal/compiler/looku
Event: 443.531 Thread 0x000001b7ab8d4000 DEOPT PACKING pc=0x000001b79f47292c sp=0x000000122c2fd520
Event: 443.531 Thread 0x000001b7ab8d4000 DEOPT UNPACKING pc=0x000001b79769a1af sp=0x000000122c2fd448 mode 2

Classes redefined (0 events):
No events

Internal exceptions (20 events):
Event: 441.429 Thread 0x000001b7ab8d4000 Exception <a 'java/lang/ArrayIndexOutOfBoundsException'{0x00000000eb0afcd8}> (0x00000000eb0afcd8) thrown at [./src/hotspot/share/runtime/sharedRuntime.cpp, line 606]
Event: 441.455 Thread 0x000001b7ab8d4000 Exception <a 'java/lang/ArrayIndexOutOfBoundsException'{0x00000000eb16ed38}> (0x00000000eb16ed38) thrown at [./src/hotspot/share/runtime/sharedRuntime.cpp, line 606]
Event: 441.517 Thread 0x000001b7ab8d4000 Exception <a 'java/lang/ArrayIndexOutOfBoundsException'{0x00000000eb1d0448}> (0x00000000eb1d0448) thrown at [./src/hotspot/share/runtime/sharedRuntime.cpp, line 606]
Event: 441.547 Thread 0x000001b7ab8d4000 Exception <a 'java/lang/ArrayIndexOutOfBoundsException'{0x00000000eb1fcfa8}> (0x00000000eb1fcfa8) thrown at [./src/hotspot/share/runtime/sharedRuntime.cpp, line 606]
Event: 441.657 Thread 0x000001b7ab8d4000 Exception <a 'java/lang/ArrayIndexOutOfBoundsException'{0x00000000eb24ed28}> (0x00000000eb24ed28) thrown at [./src/hotspot/share/runtime/sharedRuntime.cpp, line 606]
Event: 441.831 Thread 0x000001b7ab8d4000 Exception <a 'java/lang/ArrayIndexOutOfBoundsException'{0x00000000eb27e978}> (0x00000000eb27e978) thrown at [./src/hotspot/share/runtime/sharedRuntime.cpp, line 606]
Event: 441.846 Thread 0x000001b7ab8d4000 Exception <a 'java/lang/ArrayIndexOutOfBoundsException'{0x00000000eb2b6ce8}> (0x00000000eb2b6ce8) thrown at [./src/hotspot/share/runtime/sharedRuntime.cpp, line 606]
Event: 441.856 Thread 0x000001b7ab8d4000 Exception <a 'java/lang/ArrayIndexOutOfBoundsException'{0x00000000eb2e6be8}> (0x00000000eb2e6be8) thrown at [./src/hotspot/share/runtime/sharedRuntime.cpp, line 606]
Event: 441.873 Thread 0x000001b7ab8d4000 Exception <a 'java/lang/ArrayIndexOutOfBoundsException'{0x00000000eb326080}> (0x00000000eb326080) thrown at [./src/hotspot/share/runtime/sharedRuntime.cpp, line 606]
Event: 442.022 Thread 0x000001b7ab8d4000 Exception <a 'java/lang/ArrayIndexOutOfBoundsException'{0x00000000eb34e910}> (0x00000000eb34e910) thrown at [./src/hotspot/share/runtime/sharedRuntime.cpp, line 606]
Event: 442.071 Thread 0x000001b7ab8d4000 Exception <a 'java/lang/ArrayIndexOutOfBoundsException'{0x00000000eb368b58}> (0x00000000eb368b58) thrown at [./src/hotspot/share/runtime/sharedRuntime.cpp, line 606]
Event: 442.089 Thread 0x000001b7ab8d4000 Exception <a 'java/lang/ArrayIndexOutOfBoundsException'{0x00000000eb3c6cf0}> (0x00000000eb3c6cf0) thrown at [./src/hotspot/share/runtime/sharedRuntime.cpp, line 606]
Event: 442.218 Thread 0x000001b7ab8d4000 Exception <a 'java/lang/ArrayIndexOutOfBoundsException'{0x00000000eb457320}> (0x00000000eb457320) thrown at [./src/hotspot/share/runtime/sharedRuntime.cpp, line 606]
Event: 442.401 Thread 0x000001b7ab8d4000 Exception <a 'java/lang/ArrayIndexOutOfBoundsException'{0x00000000eb4cedc8}> (0x00000000eb4cedc8) thrown at [./src/hotspot/share/runtime/sharedRuntime.cpp, line 606]
Event: 442.420 Thread 0x000001b7ab8d4000 Exception <a 'java/lang/ArrayIndexOutOfBoundsException'{0x00000000eb50c288}> (0x00000000eb50c288) thrown at [./src/hotspot/share/runtime/sharedRuntime.cpp, line 606]
Event: 442.432 Thread 0x000001b7ab8d4000 Exception <a 'java/lang/ArrayIndexOutOfBoundsException'{0x00000000eb532f20}> (0x00000000eb532f20) thrown at [./src/hotspot/share/runtime/sharedRuntime.cpp, line 606]
Event: 442.512 Thread 0x000001b7ab8d4000 Exception <a 'java/lang/ArrayIndexOutOfBoundsException'{0x00000000eb563ff0}> (0x00000000eb563ff0) thrown at [./src/hotspot/share/runtime/sharedRuntime.cpp, line 606]
Event: 442.621 Thread 0x000001b7ab8d4000 Exception <a 'java/lang/ArrayIndexOutOfBoundsException'{0x00000000eb5b1f10}> (0x00000000eb5b1f10) thrown at [./src/hotspot/share/runtime/sharedRuntime.cpp, line 606]
Event: 442.721 Thread 0x000001b7ab8d4000 Exception <a 'java/lang/ArrayIndexOutOfBoundsException'{0x00000000eb5d1700}> (0x00000000eb5d1700) thrown at [./src/hotspot/share/runtime/sharedRuntime.cpp, line 606]
Event: 442.722 Thread 0x000001b7ab8d4000 Exception <a 'java/lang/ArrayIndexOutOfBoundsException'{0x00000000eb5ebe10}> (0x00000000eb5ebe10) thrown at [./src/hotspot/share/runtime/sharedRuntime.cpp, line 606]

Events (20 events):
Event: 442.106 Thread 0x000001b7a97ca800 flushing nmethod 0x000001b7982ec190
Event: 442.106 Thread 0x000001b7a97ca800 flushing nmethod 0x000001b798336b10
Event: 442.106 Thread 0x000001b7a97ca800 flushing nmethod 0x000001b79833a390
Event: 442.106 Thread 0x000001b7a97ca800 flushing nmethod 0x000001b798398390
Event: 443.107 Executing VM operation: ParallelGCFailedAllocation
Event: 443.129 Executing VM operation: ParallelGCFailedAllocation done
Event: 444.200 Executing VM operation: ParallelGCFailedAllocation
Event: 444.234 Executing VM operation: ParallelGCFailedAllocation done
Event: 444.239 loading class org/eclipse/jdt/internal/compiler/lookup/TypeBinding
Event: 444.239 loading class org/eclipse/jdt/internal/compiler/lookup/TypeBinding done
Event: 444.239 loading class org/eclipse/jdt/internal/compiler/lookup/AnnotationBinding
Event: 444.239 loading class org/eclipse/jdt/internal/compiler/lookup/AnnotationBinding done
Event: 444.239 loading class org/eclipse/jdt/internal/compiler/lookup/TypeBinding
Event: 444.239 loading class org/eclipse/jdt/internal/compiler/lookup/TypeBinding done
Event: 444.256 loading class org/eclipse/jdt/internal/compiler/lookup/FieldBinding
Event: 444.256 loading class org/eclipse/jdt/internal/compiler/lookup/FieldBinding done
Event: 444.256 loading class org/eclipse/jdt/internal/compiler/lookup/AnnotationBinding
Event: 444.256 loading class org/eclipse/jdt/internal/compiler/lookup/AnnotationBinding done
Event: 444.256 loading class org/eclipse/jdt/internal/compiler/lookup/FieldBinding
Event: 444.256 loading class org/eclipse/jdt/internal/compiler/lookup/FieldBinding done


Dynamic libraries:
0x00007ff746100000 - 0x00007ff74610d000 	C:\Program Files\Eclipse Foundation\jdk-11.0.12.7-hotspot\bin\java.exe
0x00007ffdea8f0000 - 0x00007ffdeaae4000 	C:\WINDOWS\SYSTEM32\ntdll.dll
0x00007ffde8950000 - 0x00007ffde8a0d000 	C:\WINDOWS\System32\KERNEL32.DLL
0x00007ffde8510000 - 0x00007ffde87d7000 	C:\WINDOWS\System32\KERNELBASE.dll
0x00007ffde8210000 - 0x00007ffde8310000 	C:\WINDOWS\System32\ucrtbase.dll
0x00007ffde1e30000 - 0x00007ffde1e47000 	C:\Program Files\Eclipse Foundation\jdk-11.0.12.7-hotspot\bin\jli.dll
0x00007ffdea710000 - 0x00007ffdea8b0000 	C:\WINDOWS\System32\USER32.dll
0x00007ffde84e0000 - 0x00007ffde8502000 	C:\WINDOWS\System32\win32u.dll
0x00007ffde8f40000 - 0x00007ffde8f6a000 	C:\WINDOWS\System32\GDI32.dll
0x00007ffde8840000 - 0x00007ffde894a000 	C:\WINDOWS\System32\gdi32full.dll
0x00007ffde8390000 - 0x00007ffde842d000 	C:\WINDOWS\System32\msvcp_win.dll
0x00007ffdd5010000 - 0x00007ffdd52aa000 	C:\WINDOWS\WinSxS\amd64_microsoft.windows.common-controls_6595b64144ccf1df_6.0.19041.1_none_b555e41d4684ddec\COMCTL32.dll
0x00007ffdea010000 - 0x00007ffdea0ae000 	C:\WINDOWS\System32\msvcrt.dll
0x00007ffde1ee0000 - 0x00007ffde1ef5000 	C:\Program Files\Eclipse Foundation\jdk-11.0.12.7-hotspot\bin\VCRUNTIME140.dll
0x00007ffde8e60000 - 0x00007ffde8e90000 	C:\WINDOWS\System32\IMM32.DLL
0x00007ffda8150000 - 0x00007ffda81eb000 	C:\Program Files\Eclipse Foundation\jdk-11.0.12.7-hotspot\bin\msvcp140.dll
0x00007ffd9f4b0000 - 0x00007ffda0009000 	C:\Program Files\Eclipse Foundation\jdk-11.0.12.7-hotspot\bin\server\jvm.dll
0x00007ffde9030000 - 0x00007ffde90da000 	C:\WINDOWS\System32\ADVAPI32.dll
0x00007ffdea520000 - 0x00007ffdea5bb000 	C:\WINDOWS\System32\sechost.dll
0x00007ffde90e0000 - 0x00007ffde9203000 	C:\WINDOWS\System32\RPCRT4.dll
0x00007ffde8af0000 - 0x00007ffde8af8000 	C:\WINDOWS\System32\PSAPI.DLL
0x00007ffde1ed0000 - 0x00007ffde1ed9000 	C:\WINDOWS\SYSTEM32\WSOCK32.dll
0x00007ffde9960000 - 0x00007ffde99cb000 	C:\WINDOWS\System32\WS2_32.dll
0x00007ffdd8b70000 - 0x00007ffdd8b97000 	C:\WINDOWS\SYSTEM32\WINMM.dll
0x00007ffde1c30000 - 0x00007ffde1c3a000 	C:\WINDOWS\SYSTEM32\VERSION.dll
0x00007ffde6930000 - 0x00007ffde6943000 	C:\WINDOWS\SYSTEM32\kernel.appcore.dll
0x00007ffde19d0000 - 0x00007ffde19e0000 	C:\Program Files\Eclipse Foundation\jdk-11.0.12.7-hotspot\bin\verify.dll
0x00007ffde5d60000 - 0x00007ffde5f44000 	C:\WINDOWS\SYSTEM32\DBGHELP.DLL
0x00007ffdcce40000 - 0x00007ffdcce6c000 	C:\WINDOWS\SYSTEM32\dbgcore.DLL
0x00007ffde8310000 - 0x00007ffde838f000 	C:\WINDOWS\System32\bcryptPrimitives.dll
0x00007ffdd77e0000 - 0x00007ffdd7808000 	C:\Program Files\Eclipse Foundation\jdk-11.0.12.7-hotspot\bin\java.dll
0x00007ffde0dc0000 - 0x00007ffde0dca000 	C:\Program Files\Eclipse Foundation\jdk-11.0.12.7-hotspot\bin\jimage.dll
0x00007ffdd15d0000 - 0x00007ffdd15e7000 	C:\Program Files\Eclipse Foundation\jdk-11.0.12.7-hotspot\bin\zip.dll
0x00007ffde9210000 - 0x00007ffde9941000 	C:\WINDOWS\System32\SHELL32.dll
0x00007ffde60c0000 - 0x00007ffde684a000 	C:\WINDOWS\SYSTEM32\windows.storage.dll
0x00007ffde8b00000 - 0x00007ffde8e54000 	C:\WINDOWS\System32\combase.dll
0x00007ffde7ab0000 - 0x00007ffde7adb000 	C:\WINDOWS\SYSTEM32\Wldp.dll
0x00007ffde8e90000 - 0x00007ffde8f3e000 	C:\WINDOWS\System32\SHCORE.dll
0x00007ffde99d0000 - 0x00007ffde9a25000 	C:\WINDOWS\System32\shlwapi.dll
0x00007ffde7f70000 - 0x00007ffde7f8f000 	C:\WINDOWS\SYSTEM32\profapi.dll
0x00007ffdd0bb0000 - 0x00007ffdd0bc9000 	C:\Program Files\Eclipse Foundation\jdk-11.0.12.7-hotspot\bin\net.dll
0x00007ffde0780000 - 0x00007ffde0882000 	C:\WINDOWS\SYSTEM32\WINHTTP.dll
0x00007ffde7830000 - 0x00007ffde789a000 	C:\WINDOWS\system32\mswsock.dll
0x00007ffdd0b90000 - 0x00007ffdd0ba2000 	C:\Program Files\Eclipse Foundation\jdk-11.0.12.7-hotspot\bin\nio.dll
0x00007ffde7a00000 - 0x00007ffde7a18000 	C:\WINDOWS\SYSTEM32\CRYPTSP.dll
0x00007ffde7150000 - 0x00007ffde7184000 	C:\WINDOWS\system32\rsaenh.dll
0x00007ffde81e0000 - 0x00007ffde8207000 	C:\WINDOWS\System32\bcrypt.dll
0x00007ffde7f30000 - 0x00007ffde7f5e000 	C:\WINDOWS\SYSTEM32\USERENV.dll
0x00007ffde7a20000 - 0x00007ffde7a2c000 	C:\WINDOWS\SYSTEM32\CRYPTBASE.dll
0x00007ffde74d0000 - 0x00007ffde750b000 	C:\WINDOWS\SYSTEM32\IPHLPAPI.DLL
0x00007ffde9020000 - 0x00007ffde9029000 	C:\WINDOWS\System32\NSI.dll
0x00007ffdd8ea0000 - 0x00007ffdd8eb7000 	C:\WINDOWS\SYSTEM32\dhcpcsvc6.DLL
0x00007ffddb8a0000 - 0x00007ffddb8bd000 	C:\WINDOWS\SYSTEM32\dhcpcsvc.DLL
0x00007ffde7520000 - 0x00007ffde75ea000 	C:\WINDOWS\SYSTEM32\DNSAPI.dll
0x00007ffda8da0000 - 0x00007ffda8dde000 	C:\Users\User\AppData\Roaming\Code\User\globalStorage\redhat.java\1.0.0\config_win\org.eclipse.equinox.launcher\org.eclipse.equinox.launcher.win32.win32.x86_64_1.2.400.v20210928-1041\eclipse_11600.dll
0x00007ffdea5c0000 - 0x00007ffdea6eb000 	C:\WINDOWS\System32\ole32.dll
0x00007ffdcc520000 - 0x00007ffdcc531000 	C:\Users\User\AppData\Roaming\Code\User\globalStorage\redhat.java\1.0.0\config_win\org.eclipse.osgi\22\0\.cp\jWinHttp-1.0.0.dll

dbghelp: loaded successfully - version: 4.0.5 - missing functions: none
symbol engine: initialized successfully - sym options: 0x614 - pdb path: .;C:\Program Files\Eclipse Foundation\jdk-11.0.12.7-hotspot\bin;C:\WINDOWS\SYSTEM32;C:\WINDOWS\WinSxS\amd64_microsoft.windows.common-controls_6595b64144ccf1df_6.0.19041.1_none_b555e41d4684ddec;C:\Program Files\Eclipse Foundation\jdk-11.0.12.7-hotspot\bin\server;C:\Users\User\AppData\Roaming\Code\User\globalStorage\redhat.java\1.0.0\config_win\org.eclipse.equinox.launcher\org.eclipse.equinox.launcher.win32.win32.x86_64_1.2.400.v20210928-1041;C:\Users\User\AppData\Roaming\Code\User\globalStorage\redhat.java\1.0.0\config_win\org.eclipse.osgi\22\0\.cp

VM Arguments:
jvm_args: --add-modules=ALL-SYSTEM --add-opens=java.base/java.util=ALL-UNNAMED --add-opens=java.base/java.lang=ALL-UNNAMED -Declipse.application=org.eclipse.jdt.ls.core.id1 -Dosgi.bundles.defaultStartLevel=4 -Declipse.product=org.eclipse.jdt.ls.core.product -Dfile.encoding=utf8 -DwatchParentProcess=false -XX:+UseParallelGC -XX:GCTimeRatio=4 -XX:AdaptiveSizePolicyWeight=90 -Dsun.zip.disableMemoryMapping=true -Xmx1G -Xms100m -Xverify:none 
java_command: c:\Users\User\.vscode\extensions\redhat.java-1.0.0\server\plugins\org.eclipse.equinox.launcher_1.6.400.v20210924-0641.jar -configuration c:\Users\User\AppData\Roaming\Code\User\globalStorage\redhat.java\1.0.0\config_win -data c:\Users\User\AppData\Roaming\Code\User\workspaceStorage\5d36b164a0a6ef907ef3af442637b887\redhat.java\jdt_ws
java_class_path (initial): c:\Users\User\.vscode\extensions\redhat.java-1.0.0\server\plugins\org.eclipse.equinox.launcher_1.6.400.v20210924-0641.jar
Launcher Type: SUN_STANDARD

[Global flags]
    uintx AdaptiveSizePolicyWeight                 = 90                                        {product} {command line}
     bool BytecodeVerificationLocal                = false                                     {product} {command line}
     bool BytecodeVerificationRemote               = false                                     {product} {command line}
     intx CICompilerCount                          = 3                                         {product} {ergonomic}
    uintx GCTimeRatio                              = 4                                         {product} {command line}
   size_t InitialHeapSize                          = 104857600                                 {product} {command line}
   size_t MaxHeapSize                              = 1073741824                                {product} {command line}
   size_t MaxNewSize                               = 357564416                                 {product} {ergonomic}
   size_t MinHeapDeltaBytes                        = 524288                                    {product} {ergonomic}
   size_t NewSize                                  = 34603008                                  {product} {ergonomic}
    uintx NonNMethodCodeHeapSize                   = 5830732                                {pd product} {ergonomic}
    uintx NonProfiledCodeHeapSize                  = 122913754                              {pd product} {ergonomic}
   size_t OldSize                                  = 70254592                                  {product} {ergonomic}
    uintx ProfiledCodeHeapSize                     = 122913754                              {pd product} {ergonomic}
    uintx ReservedCodeCacheSize                    = 251658240                              {pd product} {ergonomic}
     bool SegmentedCodeCache                       = true                                      {product} {ergonomic}
     bool UseCompressedClassPointers               = true                                 {lp64_product} {ergonomic}
     bool UseCompressedOops                        = true                                 {lp64_product} {ergonomic}
     bool UseLargePagesIndividualAllocation        = false                                  {pd product} {ergonomic}
     bool UseParallelGC                            = true                                      {product} {command line}

Logging:
Log output configuration:
 #0: stdout all=warning uptime,level,tags
 #1: stderr all=off uptime,level,tags

Environment Variables:
JAVA_HOME=C:\Program Files\Eclipse Foundation\jdk-11.0.12.7-hotspot
PATH=C:\Program Files\Eclipse Foundation\jdk-11.0.12.7-hotspot\bin;C:\ProgramData\Oracle\Java\javapath;C:\Program Files\Rockwell Software\RSCommon;C:\Program Files\ImageMagick-7.0.10-Q16-HDRI;C:\Program Files (x86)\Intel\TXE Components\TCS\;C:\Program Files\Intel\TXE Components\TCS\;C:\Windows\system32;C:\Windows;C:\Windows\System32\Wbem;C:\Windows\System32\WindowsPowerShell\v1.0\;C:\Program Files (x86)\NVIDIA Corporation\PhysX\Common;C:\Program Files\Microsoft SQL Server\130\Tools\Binn\;C:\Program Files\dotnet\;C:\Program Files\MiKTeX 2.9\miktex\bin\x64\;C:\WINDOWS\system32;C:\WINDOWS;C:\WINDOWS\System32\Wbem;C:\WINDOWS\System32\WindowsPowerShell\v1.0\;C:\WINDOWS\System32\OpenSSH\;C:\Program Files\MATLAB\R2018a\runtime\win64;C:\Program Files\MATLAB\R2018a\bin;C:\Program Files\nodejs\;C:\ProgramData\chocolatey\bin;C:\Program Files\Microsoft SQL Server\Client SDK\ODBC\130\Tools\Binn\;C:\Program Files (x86)\Microsoft SQL Server\140\Tools\Binn\;C:\Program Files\Microsoft SQL Server\140\Tools\Binn\;C:\Program Files\Microsoft SQL Server\140\DTS\Binn\;C:\Program Files (x86)\Microsoft SQL Server\150\DTS\Binn\;C:\apache-maven-3.8.3\bin;C:\Program Files\Eclipse Foundation\jdk-11.0.12.7-hotspot\bin;C:\Program Files\Git\cmd;C:\Program Files\MySQL\MySQL Shell 8.0\bin\;C:\Users\User\AppData\Local\Microsoft\WindowsApps;C:\Users\User\AppData\Local\atom\bin;C:\Users\User\AppData\Roaming\npm;C:\Users\User\AppData\Local\Microsoft\WindowsApps;C:\Users\User\AppData\Local\Programs\Microsoft VS Code\bin;C:\Program Files\Python36;C:\Program Files\Python36\Scripts;
USERNAME=User
OS=Windows_NT
PROCESSOR_IDENTIFIER=Intel64 Family 6 Model 142 Stepping 9, GenuineIntel



---------------  S Y S T E M  ---------------

OS: Windows 10 , 64 bit Build 19041 (10.0.19041.1)
OS uptime: 0 days 2:44 hours

CPU:total 4 (initial active 4) (2 cores per cpu, 2 threads per core) family 6 model 142 stepping 9 microcode 0xb4, cmov, cx8, fxsr, mmx, sse, sse2, sse3, ssse3, sse4.1, sse4.2, popcnt, avx, avx2, aes, clmul, erms, 3dnowpref, lzcnt, ht, tsc, tscinvbit, bmi1, bmi2, adx, fma

Memory: 4k page, system-wide physical 8073M (1045M free)
TotalPageFile size 8073M (AvailPageFile size 9M)
current process WorkingSet (physical memory assigned to process): 787M, peak: 788M
current process commit charge ("private bytes"): 746M, peak: 758M

vm_info: OpenJDK 64-Bit Server VM (11.0.12+7) for windows-amd64 JRE (11.0.12+7), built on Jul 21 2021 16:23:49 by "" with unknown MS VC++:1916

END.
